Finlove/app/build/intermediates/manifest_merge_blame_file/debug/processDebugMainManifest/manifest-merger-blame-debug-report.txt
1<?xml version="1.0" encoding="utf-8"?>
2<manifest xmlns:android="http://schemas.android.com/apk/res/android"
3    package="th.ac.rmutto.finlove"
4    android:versionCode="1"
5    android:versionName="1.0" >
6
7    <uses-sdk
8        android:minSdkVersion="27"
9        android:targetSdkVersion="34" />
10
11    <uses-permission android:name="android.permission.INTERNET" />
11-->src\main\AndroidManifest.xml:5:5-67
11-->src\main\AndroidManifest.xml:5:22-64
12    <uses-permission android:name="android.permission.ACCESS_WIFI_STATE" />
12-->src\main\AndroidManifest.xml:6:5-76
12-->src\main\AndroidManifest.xml:6:22-73
13    <uses-permission android:name="android.permission.ACCESS_NETWORK_STATE" />
13-->src\main\AndroidManifest.xml:7:5-79
13-->src\main\AndroidManifest.xml:7:22-76
14
15    <permission
15-->[androidx.core:core:1.13.1] AndroidManifest.xml:22:5-24:47
16        android:name="th.ac.rmutto.finlove.DYNAMIC_RECEIVER_NOT_EXPORTED_PERMISSION"
16-->[androidx.core:core:1.13.1] AndroidManifest.xml:23:9-81
17        android:protectionLevel="signature" />
17-->[androidx.core:core:1.13.1] AndroidManifest.xml:24:9-44
18
19    <uses-permission android:name="th.ac.rmutto.finlove.DYNAMIC_RECEIVER_NOT_EXPORTED_PERMISSION" />
19-->[androidx.core:core:1.13.1] AndroidManifest.xml:26:5-97
19-->[androidx.core:core:1.13.1] AndroidManifest.xml:26:22-94
20
21    <application
21-->src\main\AndroidManifest.xml:9:5-99:19
22        android:allowBackup="true"
22-->src\main\AndroidManifest.xml:10:9-35
23        android:appComponentFactory="androidx.core.app.CoreComponentFactory"
23-->[androidx.core:core:1.13.1] AndroidManifest.xml:28:18-86
24        android:dataExtractionRules="@xml/data_extraction_rules"
24-->src\main\AndroidManifest.xml:11:9-65
25        android:debuggable="true"
26        android:extractNativeLibs="false"
27        android:fullBackupContent="@xml/backup_rules"
27-->src\main\AndroidManifest.xml:12:9-54
28        android:icon="@mipmap/ic_launcher"
28-->src\main\AndroidManifest.xml:13:9-43
29        android:label="@string/app_name"
29-->src\main\AndroidManifest.xml:14:9-41
30        android:networkSecurityConfig="@xml/network_security_config"
30-->src\main\AndroidManifest.xml:15:9-69
31        android:roundIcon="@mipmap/ic_launcher_round"
31-->src\main\AndroidManifest.xml:16:9-54
32        android:supportsRtl="true"
32-->src\main\AndroidManifest.xml:17:9-35
33        android:testOnly="true"
34        android:theme="@style/Theme.Finlove.NoActionBar" >
34-->src\main\AndroidManifest.xml:18:9-57
35        <activity
35-->src\main\AndroidManifest.xml:20:9-22:40
36            android:name="th.ac.rmutto.finlove.ResetPasswordActivity"
36-->src\main\AndroidManifest.xml:21:13-50
37            android:exported="false" />
37-->src\main\AndroidManifest.xml:22:13-37
38        <activity
38-->src\main\AndroidManifest.xml:23:9-25:40
39            android:name="th.ac.rmutto.finlove.GetPINActivity"
39-->src\main\AndroidManifest.xml:24:13-43
40            android:exported="false" />
40-->src\main\AndroidManifest.xml:25:13-37
41        <activity
41-->src\main\AndroidManifest.xml:26:9-28:40
42            android:name="th.ac.rmutto.finlove.User"
42-->src\main\AndroidManifest.xml:27:13-33
43            android:exported="false" />
43-->src\main\AndroidManifest.xml:28:13-37
44        <activity
44-->src\main\AndroidManifest.xml:29:9-32:64
45            android:name="th.ac.rmutto.finlove.ProfileActivity"
45-->src\main\AndroidManifest.xml:30:13-44
46            android:exported="false"
46-->src\main\AndroidManifest.xml:31:13-37
47            android:theme="@style/Theme.Finlove.NoActionBar" />
47-->src\main\AndroidManifest.xml:32:13-61
48        <activity
48-->src\main\AndroidManifest.xml:33:9-36:64
49            android:name="th.ac.rmutto.finlove.RegisterActivity8"
49-->src\main\AndroidManifest.xml:34:13-46
50            android:exported="false"
50-->src\main\AndroidManifest.xml:35:13-37
51            android:theme="@style/Theme.Finlove.NoActionBar" />
51-->src\main\AndroidManifest.xml:36:13-61
52        <activity
52-->src\main\AndroidManifest.xml:37:9-40:64
53            android:name="th.ac.rmutto.finlove.RegisterActivity7"
53-->src\main\AndroidManifest.xml:38:13-46
54            android:exported="false"
54-->src\main\AndroidManifest.xml:39:13-37
55            android:theme="@style/Theme.Finlove.NoActionBar" />
55-->src\main\AndroidManifest.xml:40:13-61
56        <activity
56-->src\main\AndroidManifest.xml:41:9-44:64
57            android:name="th.ac.rmutto.finlove.RegisterActivity6"
57-->src\main\AndroidManifest.xml:42:13-46
58            android:exported="false"
58-->src\main\AndroidManifest.xml:43:13-37
59            android:theme="@style/Theme.Finlove.NoActionBar" />
59-->src\main\AndroidManifest.xml:44:13-61
60        <activity
60-->src\main\AndroidManifest.xml:45:9-48:64
61            android:name="th.ac.rmutto.finlove.RegisterActivity5"
61-->src\main\AndroidManifest.xml:46:13-46
62            android:exported="false"
62-->src\main\AndroidManifest.xml:47:13-37
63            android:theme="@style/Theme.Finlove.NoActionBar" />
63-->src\main\AndroidManifest.xml:48:13-61
64        <activity
64-->src\main\AndroidManifest.xml:49:9-52:64
65            android:name="th.ac.rmutto.finlove.RegisterActivity4"
65-->src\main\AndroidManifest.xml:50:13-46
66            android:exported="false"
66-->src\main\AndroidManifest.xml:51:13-37
67            android:theme="@style/Theme.Finlove.NoActionBar" />
67-->src\main\AndroidManifest.xml:52:13-61
68        <activity
68-->src\main\AndroidManifest.xml:53:9-56:64
69            android:name="th.ac.rmutto.finlove.RegisterActivity3"
69-->src\main\AndroidManifest.xml:54:13-46
70            android:exported="false"
70-->src\main\AndroidManifest.xml:55:13-37
71            android:theme="@style/Theme.Finlove.NoActionBar" />
71-->src\main\AndroidManifest.xml:56:13-61
72        <activity
72-->src\main\AndroidManifest.xml:57:9-60:64
73            android:name="th.ac.rmutto.finlove.RegisterActivity2"
73-->src\main\AndroidManifest.xml:58:13-46
74            android:exported="false"
74-->src\main\AndroidManifest.xml:59:13-37
75            android:theme="@style/Theme.Finlove.NoActionBar" />
75-->src\main\AndroidManifest.xml:60:13-61
76        <activity
76-->src\main\AndroidManifest.xml:61:9-64:64
77            android:name="th.ac.rmutto.finlove.RegisterActivity1"
77-->src\main\AndroidManifest.xml:62:13-46
78            android:exported="true"
78-->src\main\AndroidManifest.xml:63:13-36
79            android:theme="@style/Theme.Finlove.NoActionBar" />
79-->src\main\AndroidManifest.xml:64:13-61
80        <activity
80-->src\main\AndroidManifest.xml:65:9-68:64
81            android:name="th.ac.rmutto.finlove.RegisterActivity"
81-->src\main\AndroidManifest.xml:66:13-45
82            android:exported="true"
82-->src\main\AndroidManifest.xml:67:13-36
83            android:theme="@style/Theme.Finlove.NoActionBar" />
83-->src\main\AndroidManifest.xml:68:13-61
84        <activity
84-->src\main\AndroidManifest.xml:69:9-72:64
85            android:name="th.ac.rmutto.finlove.ForgotPasswordActivity"
85-->src\main\AndroidManifest.xml:70:13-51
86            android:exported="false"
86-->src\main\AndroidManifest.xml:71:13-37
87            android:theme="@style/Theme.Finlove.NoActionBar" />
87-->src\main\AndroidManifest.xml:72:13-61
88        <activity
88-->src\main\AndroidManifest.xml:73:9-76:64
89            android:name="th.ac.rmutto.finlove.LoginActivity"
89-->src\main\AndroidManifest.xml:74:13-42
90            android:exported="true"
90-->src\main\AndroidManifest.xml:75:13-36
91            android:theme="@style/Theme.Finlove.NoActionBar" />
91-->src\main\AndroidManifest.xml:76:13-61
92        <activity
92-->src\main\AndroidManifest.xml:77:9-80:64
93            android:name="th.ac.rmutto.finlove.LoadingActivity"
93-->src\main\AndroidManifest.xml:78:13-44
94            android:exported="true"
94-->src\main\AndroidManifest.xml:79:13-36
95            android:theme="@style/Theme.Finlove.NoActionBar" />
95-->src\main\AndroidManifest.xml:80:13-61
96        <activity
96-->src\main\AndroidManifest.xml:81:9-89:20
97            android:name="th.ac.rmutto.finlove.FirstPageActivity"
97-->src\main\AndroidManifest.xml:82:13-46
98            android:exported="true" >
98-->src\main\AndroidManifest.xml:83:13-36
99            <intent-filter>
99-->src\main\AndroidManifest.xml:84:13-88:29
100                <action android:name="android.intent.action.MAIN" />
100-->src\main\AndroidManifest.xml:85:17-69
100-->src\main\AndroidManifest.xml:85:25-66
101
102                <category android:name="android.intent.category.LAUNCHER" />
102-->src\main\AndroidManifest.xml:87:17-77
102-->src\main\AndroidManifest.xml:87:27-74
103            </intent-filter>
104        </activity>
105        <activity
105-->src\main\AndroidManifest.xml:90:9-94:64
106            android:name="th.ac.rmutto.finlove.MainActivity"
106-->src\main\AndroidManifest.xml:91:13-41
107            android:exported="true"
107-->src\main\AndroidManifest.xml:92:13-36
108            android:label="@string/app_name"
108-->src\main\AndroidManifest.xml:93:13-45
109            android:theme="@style/Theme.Finlove.NoActionBar" />
109-->src\main\AndroidManifest.xml:94:13-61
110
111        <meta-data
111-->src\main\AndroidManifest.xml:96:9-98:57
112            android:name="preloaded_fonts"
112-->src\main\AndroidManifest.xml:97:13-43
113            android:resource="@array/preloaded_fonts" />
113-->src\main\AndroidManifest.xml:98:13-54
114
115        <provider
115-->[androidx.emoji2:emoji2:1.3.0] AndroidManifest.xml:24:9-32:20
116            android:name="androidx.startup.InitializationProvider"
116-->[androidx.emoji2:emoji2:1.3.0] AndroidManifest.xml:25:13-67
117            android:authorities="th.ac.rmutto.finlove.androidx-startup"
117-->[androidx.emoji2:emoji2:1.3.0] AndroidManifest.xml:26:13-68
118            android:exported="false" >
118-->[androidx.emoji2:emoji2:1.3.0] AndroidManifest.xml:27:13-37
119            <meta-data
119-->[androidx.emoji2:emoji2:1.3.0] AndroidManifest.xml:29:13-31:52
120                android:name="androidx.emoji2.text.EmojiCompatInitializer"
120-->[androidx.emoji2:emoji2:1.3.0] AndroidManifest.xml:30:17-75
121                android:value="androidx.startup" />
121-->[androidx.emoji2:emoji2:1.3.0] AndroidManifest.xml:31:17-49
122            <meta-data
122-->[androidx.lifecycle:lifecycle-process:2.8.4] AndroidManifest.xml:29:13-31:52
123                android:name="androidx.lifecycle.ProcessLifecycleInitializer"
123-->[androidx.lifecycle:lifecycle-process:2.8.4] AndroidManifest.xml:30:17-78
124                android:value="androidx.startup" />
124-->[androidx.lifecycle:lifecycle-process:2.8.4] AndroidManifest.xml:31:17-49
125            <meta-data
125-->[androidx.profileinstaller:profileinstaller:1.3.1] AndroidManifest.xml:29:13-31:52
126                android:name="androidx.profileinstaller.ProfileInstallerInitializer"
126-->[androidx.profileinstaller:profileinstaller:1.3.1] AndroidManifest.xml:30:17-85
127                android:value="androidx.startup" />
127-->[androidx.profileinstaller:profileinstaller:1.3.1] AndroidManifest.xml:31:17-49
128        </provider>
129
130        <uses-library
130-->[androidx.window:window:1.0.0] AndroidManifest.xml:25:9-27:40
131            android:name="androidx.window.extensions"
131-->[androidx.window:window:1.0.0] AndroidManifest.xml:26:13-54
132            android:required="false" />
132-->[androidx.window:window:1.0.0] AndroidManifest.xml:27:13-37
133        <uses-library
133-->[androidx.window:window:1.0.0] AndroidManifest.xml:28:9-30:40
134            android:name="androidx.window.sidecar"
134-->[androidx.window:window:1.0.0] AndroidManifest.xml:29:13-51
135            android:required="false" />
135-->[androidx.window:window:1.0.0] AndroidManifest.xml:30:13-37
136
137        <receiver
137-->[androidx.profileinstaller:profileinstaller:1.3.1] AndroidManifest.xml:34:9-52:20
138            android:name="androidx.profileinstaller.ProfileInstallReceiver"
138-->[androidx.profileinstaller:profileinstaller:1.3.1] AndroidManifest.xml:35:13-76
139            android:directBootAware="false"
139-->[androidx.profileinstaller:profileinstaller:1.3.1] AndroidManifest.xml:36:13-44
140            android:enabled="true"
140-->[androidx.profileinstaller:profileinstaller:1.3.1] AndroidManifest.xml:37:13-35
141            android:exported="true"
141-->[androidx.profileinstaller:profileinstaller:1.3.1] AndroidManifest.xml:38:13-36
142            android:permission="android.permission.DUMP" >
142-->[androidx.profileinstaller:profileinstaller:1.3.1] AndroidManifest.xml:39:13-57
143            <intent-filter>
143-->[androidx.profileinstaller:profileinstaller:1.3.1] AndroidManifest.xml:40:13-42:29
144                <action android:name="androidx.profileinstaller.action.INSTALL_PROFILE" />
144-->[androidx.profileinstaller:profileinstaller:1.3.1] AndroidManifest.xml:41:17-91
144-->[androidx.profileinstaller:profileinstaller:1.3.1] AndroidManifest.xml:41:25-88
145            </intent-filter>
146            <intent-filter>
146-->[androidx.profileinstaller:profileinstaller:1.3.1] AndroidManifest.xml:43:13-45:29
147                <action android:name="androidx.profileinstaller.action.SKIP_FILE" />
147-->[androidx.profileinstaller:profileinstaller:1.3.1] AndroidManifest.xml:44:17-85
147-->[androidx.profileinstaller:profileinstaller:1.3.1] AndroidManifest.xml:44:25-82
148            </intent-filter>
149            <intent-filter>
149-->[androidx.profileinstaller:profileinstaller:1.3.1] AndroidManifest.xml:46:13-48:29
150                <action android:name="androidx.profileinstaller.action.SAVE_PROFILE" />
150-->[androidx.profileinstaller:profileinstaller:1.3.1] AndroidManifest.xml:47:17-88
150-->[androidx.profileinstaller:profileinstaller:1.3.1] AndroidManifest.xml:47:25-85
151            </intent-filter>
152            <intent-filter>
152-->[androidx.profileinstaller:profileinstaller:1.3.1] AndroidManifest.xml:49:13-51:29
153                <action android:name="androidx.profileinstaller.action.BENCHMARK_OPERATION" />
153-->[androidx.profileinstaller:profileinstaller:1.3.1] AndroidManifest.xml:50:17-95
153-->[androidx.profileinstaller:profileinstaller:1.3.1] AndroidManifest.xml:50:25-92
154            </intent-filter>
155        </receiver>
156    </application>
157
158</manifest>